<?xml version="1.0" encoding="UTF-8"?>
<!-- Generated by org.testng.reporters.JUnitReportReporter -->
<testsuite hostname="LAPTOP-MP5S8NHG" failures="0" tests="1" name="runners.TestRunner" time="31.441" errors="0" timestamp="21 Jul 2018 01:35:08 GMT" skipped="0">
  <testcase classname="runners.TestRunner" name="feature" time="31.441"/>
</testsuite> <!-- runners.TestRunner -->
